<?xml version="1.0" encoding="UTF-8"?>
<testng-results ignored="0" total="1" passed="1" failed="0" skipped="0">
  <reporter-output>
  </reporter-output>
  <suite started-at="2023-04-24T08:21:50 IST" name="Default suite" finished-at="2023-04-24T08:21:59 IST" duration-ms="9045">
    <groups>
    </groups>
    <test started-at="2023-04-24T08:21:50 IST" name="Default test" finished-at="2023-04-24T08:21:59 IST" duration-ms="9045">
      <class name="javascriptexecutor.JSExecutorEx">
        <test-method is-config="true" signature="beforeTest()[pri:0, instance:javascriptexecutor.JSExecutorEx@694abbdc]" started-at="2023-04-24T08:21:50 IST" name="beforeTest" finished-at="2023-04-24T08:21:52 IST" duration-ms="2616" status="PASS">
          <reporter-output>
          </reporter-output>
        </test-method> <!-- beforeTest -->
        <test-method signature="buttonClick()[pri:0, instance:javascriptexecutor.JSExecutorEx@694abbdc]" started-at="2023-04-24T08:21:53 IST" name="buttonClick" finished-at="2023-04-24T08:21:59 IST" duration-ms="6369" status="PASS">
          <reporter-output>
          </reporter-output>
        </test-method> <!-- buttonClick -->
        <test-method is-config="true" signature="afterTest()[pri:0, instance:javascriptexecutor.JSExecutorEx@694abbdc]" started-at="2023-04-24T08:21:59 IST" name="afterTest" finished-at="2023-04-24T08:21:59 IST" duration-ms="0" status="PASS">
          <reporter-output>
          </reporter-output>
        </test-method> <!-- afterTest -->
      </class> <!-- javascriptexecutor.JSExecutorEx -->
    </test> <!-- Default test -->
  </suite> <!-- Default suite -->
</testng-results>
